#
# A fatal error has been detected by the Java Runtime Environment:
#
#  EXCEPTION_ACCESS_VIOLATION (0xc0000005) at pc=0x000000006b67ea33, pid=1064, tid=0x0000000000001a44
#
# JRE version: Java(TM) SE Runtime Environment (8.0_151-b12) (build 1.8.0_151-b12)
# Java VM: Java HotSpot(TM) 64-Bit Server VM (25.151-b12 mixed mode windows-amd64 compressed oops)
# Problematic frame:
# V  [jvm.dll+0x13ea33]
#
# Failed to write core dump. Minidumps are not enabled by default on client versions of Windows
#
# If you would like to submit a bug report, please visit:
#   http://bugreport.java.com/bugreport/crash.jsp
#

---------------  T H R E A D  ---------------

Current thread (0x0000000002a6d800):  JavaThread "main" [_thread_in_vm, id=6724, stack(0x0000000002750000,0x0000000002850000)]

siginfo: ExceptionCode=0xc0000005, reading address 0x000000035bc1e768

Registers:
RAX=0x0000000000000000, RBX=0x0000000002a6d800, RCX=0x0000000000000003, RDX=0x000000035bc1e700
RSP=0x000000000284eb50, RBP=0x000000000284eca0, RSI=0x0000000002a6d9f8, RDI=0x0000000002a6d800
R8 =0xffff8002f89423b0, R9 =0x00007ffd076bdc7f, R10=0x000000000000002f, R11=0x000000000000002f
R12=0x0000000000000000, R13=0x0000000000000000, R14=0x000000000284eee0, R15=0x000000000284eeb0
RIP=0x000000006b67ea33, EFLAGS=0x0000000000010206

Top of Stack: (sp=0x000000000284eb50)
0x000000000284eb50:   00007ffd076bdc50 0000000002a6d800
0x000000000284eb60:   000000000284eca0 0000000000000000
0x000000000284eb70:   0000000002a6d800 0000000000000000
0x000000000284eb80:   0000000000000000 0000000000000000
0x000000000284eb90:   000000000296be80 00007ffd076968f4
0x000000000284eba0:   0000000002a6d9f8 000000000284eca0
0x000000000284ebb0:   0000000002a6d800 0000000002ad16a0
0x000000000284ebc0:   0000000000000000 0000000002ad1797
0x000000000284ebd0:   0000000002ad1aa0 0000000000000000
0x000000000284ebe0:   0000000000000000 0000000000000000
0x000000000284ebf0:   0000000002ad16a0 0000000002010000
0x000000000284ec00:   0000000000000000 0000000000000000
0x000000000284ec10:   0000000000000000 0000000000000000
0x000000000284ec20:   0000000000000000 0000000000000000
0x000000000284ec30:   0000000000000000 000000000284eee8
0x000000000284ec40:   000000000284eec8 000000000284eeb0 

Instructions: (pc=0x000000006b67ea33)
0x000000006b67ea13:   00 00 48 8b 17 74 15 8b 52 08 8b 0d 85 2d 66 00
0x000000006b67ea23:   48 d3 e2 48 03 15 73 2d 66 00 eb 04 48 8b 52 08
0x000000006b67ea33:   48 8b 52 68 48 8b ce e8 51 7a 0d 00 48 83 7c 24
0x000000006b67ea43:   28 00 48 8b f0 74 0a 48 8d 4c 24 20 e8 2c cd 13 


Register to memory mapping:

RAX=0x0000000000000000 is an unknown value
RBX=0x0000000002a6d800 is a thread
RCX=0x0000000000000003 is an unknown value
RDX=0x000000035bc1e700 is an unknown value
RSP=0x000000000284eb50 is pointing into the stack for thread: 0x0000000002a6d800
RBP=0x000000000284eca0 is pointing into the stack for thread: 0x0000000002a6d800
RSI=0x0000000002a6d9f8 is an unknown value
RDI=0x0000000002a6d800 is a thread
R8 =0xffff8002f89423b0 is an unknown value
R9 =0x00007ffd076bdc7f is an unknown value
R10=0x000000000000002f is an unknown value
R11=0x000000000000002f is an unknown value
R12=0x0000000000000000 is an unknown value
R13=0x0000000000000000 is an unknown value
R14=0x000000000284eee0 is pointing into the stack for thread: 0x0000000002a6d800
R15=0x000000000284eeb0 is pointing into the stack for thread: 0x0000000002a6d800


Stack: [0x0000000002750000,0x0000000002850000],  sp=0x000000000284eb50,  free space=1018k
Native frames: (J=compiled Java code, j=interpreted, Vv=VM code, C=native code)
V  [jvm.dll+0x13ea33]
C  [sqljdbc_auth.dll+0x68f4]
C  0x0000000002a87f74

Java frames: (J=compiled Java code, j=interpreted, Vv=VM code)
j  com.microsoft.sqlserver.jdbc.AuthenticationJNI.SNISecGenClientContext([B[I[BI[B[I[ZLjava/lang/String;Ljava/lang/String;Ljava/lang/String;Ljava/util/logging/Logger;)I+0
j  com.microsoft.sqlserver.jdbc.AuthenticationJNI.GenerateClientContext([BI[B[I[Z)I+24
j  com.microsoft.sqlserver.jdbc.SQLServerConnection.SSPIData([B[B[I[ZLcom/microsoft/sqlserver/jdbc/AuthenticationJNI;)V+13
j  com.microsoft.sqlserver.jdbc.SQLServerConnection.sendLogon(Lcom/microsoft/sqlserver/jdbc/SQLServerConnection$LogonCommand;Lcom/microsoft/sqlserver/jdbc/AuthenticationJNI;)V+155
j  com.microsoft.sqlserver.jdbc.SQLServerConnection.logon(Lcom/microsoft/sqlserver/jdbc/SQLServerConnection$LogonCommand;)V+20
j  com.microsoft.sqlserver.jdbc.SQLServerConnection.access$000(Lcom/microsoft/sqlserver/jdbc/SQLServerConnection;Lcom/microsoft/sqlserver/jdbc/SQLServerConnection$LogonCommand;)V+2
j  com.microsoft.sqlserver.jdbc.SQLServerConnection$LogonCommand.doExecute()Z+5
j  com.microsoft.sqlserver.jdbc.TDSCommand.execute(Lcom/microsoft/sqlserver/jdbc/TDSWriter;Lcom/microsoft/sqlserver/jdbc/TDSReader;)Z+30
j  com.microsoft.sqlserver.jdbc.SQLServerConnection.executeCommand(Lcom/microsoft/sqlserver/jdbc/TDSCommand;)Z+45
j  com.microsoft.sqlserver.jdbc.SQLServerConnection.connectHelper(Lcom/microsoft/sqlserver/jdbc/ServerPortPlaceHolder;II)V+284
j  com.microsoft.sqlserver.jdbc.SQLServerConnection.login(Ljava/lang/String;Ljava/lang/String;ILjava/lang/String;Lcom/microsoft/sqlserver/jdbc/FailoverInfo;IJ)V+399
j  com.microsoft.sqlserver.jdbc.SQLServerConnection.connect(Ljava/util/Properties;Lcom/microsoft/sqlserver/jdbc/SQLServerPooledConnection;)Ljava/sql/Connection;+1929
j  com.microsoft.sqlserver.jdbc.SQLServerDriver.connect(Ljava/lang/String;Ljava/util/Properties;)Ljava/sql/Connection;+45
j  java.sql.DriverManager.getConnection(Ljava/lang/String;Ljava/util/Properties;Ljava/lang/Class;)Ljava/sql/Connection;+171
j  java.sql.DriverManager.getConnection(Ljava/lang/String;)Ljava/sql/Connection;+13
j  connect.TestConnection.main([Ljava/lang/String;)V+17
v  ~StubRoutines::call_stub

---------------  P R O C E S S  ---------------

Java Threads: ( => current thread )
  0x00000000175fe800 JavaThread "Service Thread" daemon [_thread_blocked, id=5776, stack(0x00000000192f0000,0x00000000193f0000)]
  0x00000000175a5000 JavaThread "C1 CompilerThread2" daemon [_thread_blocked, id=6384, stack(0x0000000018df0000,0x0000000018ef0000)]
  0x00000000175a0000 JavaThread "C2 CompilerThread1" daemon [_thread_blocked, id=4012, stack(0x0000000018cf0000,0x0000000018df0000)]
  0x000000001759e000 JavaThread "C2 CompilerThread0" daemon [_thread_blocked, id=4680, stack(0x0000000018bf0000,0x0000000018cf0000)]
  0x000000001759c000 JavaThread "Attach Listener" daemon [_thread_blocked, id=6160, stack(0x0000000018af0000,0x0000000018bf0000)]
  0x000000001759b000 JavaThread "Signal Dispatcher" daemon [_thread_blocked, id=4160, stack(0x00000000189f0000,0x0000000018af0000)]
  0x000000000297b000 JavaThread "Finalizer" daemon [_thread_blocked, id=2900, stack(0x0000000018800000,0x0000000018900000)]
  0x0000000002970000 JavaThread "Reference Handler" daemon [_thread_blocked, id=6620, stack(0x0000000018700000,0x0000000018800000)]
=>0x0000000002a6d800 JavaThread "main" [_thread_in_vm, id=6724, stack(0x0000000002750000,0x0000000002850000)]

Other Threads:
  0x0000000017568800 VMThread [stack: 0x0000000018600000,0x0000000018700000] [id=3792]
  0x0000000018f4c800 WatcherThread [stack: 0x00000000193f0000,0x00000000194f0000] [id=6272]

VM state:not at safepoint (normal execution)

VM Mutex/Monitor currently owned by a thread: None

Heap:
 PSYoungGen      total 38400K, used 20686K [0x00000000d5f00000, 0x00000000d8980000, 0x0000000100000000)
  eden space 33280K, 62% used [0x00000000d5f00000,0x00000000d7333850,0x00000000d7f80000)
  from space 5120K, 0% used [0x00000000d8480000,0x00000000d8480000,0x00000000d8980000)
  to   space 5120K, 0% used [0x00000000d7f80000,0x00000000d7f80000,0x00000000d8480000)
 ParOldGen       total 87552K, used 0K [0x0000000081c00000, 0x0000000087180000, 0x00000000d5f00000)
  object space 87552K, 0% used [0x0000000081c00000,0x0000000081c00000,0x0000000087180000)
 Metaspace       used 8401K, capacity 8578K, committed 8704K, reserved 1056768K
  class space    used 923K, capacity 994K, committed 1024K, reserved 1048576K

Card table byte_map: [0x0000000011e30000,0x0000000012230000] byte_map_base: 0x0000000011a22000

Marking Bits: (ParMarkBitMap*) 0x000000006bd5d850
 Begin Bits: [0x00000000128e0000, 0x0000000014870000)
 End Bits:   [0x0000000014870000, 0x0000000016800000)

Polling page: 0x0000000002850000

CodeCache: size=245760Kb used=3264Kb max_used=3289Kb free=242495Kb
 bounds [0x0000000002a70000, 0x0000000002db0000, 0x0000000011a70000]
 total_blobs=1269 nmethods=928 adapters=254
 compilation: enabled

Compilation events (10 events):
Event: 0.602 Thread 0x00000000175a5000  925       3       java.util.jar.JarFile::getEntry (22 bytes)
Event: 0.603 Thread 0x00000000175a5000 nmethod 925 0x0000000002d96ad0 code [0x0000000002d96c60, 0x0000000002d96fb8]
Event: 0.603 Thread 0x00000000175a5000  926   !   3       java.util.zip.ZipFile::getEntry (101 bytes)
Event: 0.603 Thread 0x00000000175a5000 nmethod 926 0x0000000002d97110 code [0x0000000002d972e0, 0x0000000002d97958]
Event: 0.611 Thread 0x00000000175a5000  927       3       com.sun.crypto.provider.AESCrypt::mul4 (181 bytes)
Event: 0.612 Thread 0x00000000175a5000 nmethod 927 0x0000000002d97c50 code [0x0000000002d97e60, 0x0000000002d98890]
Event: 0.616 Thread 0x00000000175a5000  928   !   3       sun.misc.URLClassPath$JarLoader::ensureOpen (36 bytes)
Event: 0.616 Thread 0x00000000175a5000 nmethod 928 0x0000000002d99110 code [0x0000000002d992a0, 0x0000000002d996e8]
Event: 0.621 Thread 0x00000000175a5000  929       3       java.nio.Buffer::clear (20 bytes)
Event: 0.621 Thread 0x00000000175a5000 nmethod 929 0x0000000002d99b10 code [0x0000000002d99c60, 0x0000000002d99dd0]

GC Heap History (0 events):
No events

Deoptimization events (5 events):
Event: 0.307 Thread 0x0000000002a6d800 Uncommon trap: reason=class_check action=maybe_recompile pc=0x0000000002c2d1dc method=java.util.regex.Pattern$BmpCharProperty.match(Ljava/util/regex/Matcher;ILjava/lang/CharSequence;)Z @ 31
Event: 0.307 Thread 0x0000000002a6d800 Uncommon trap: reason=unstable_if action=reinterpret pc=0x0000000002c2d178 method=java.util.regex.Pattern$BmpCharProperty.match(Ljava/util/regex/Matcher;ILjava/lang/CharSequence;)Z @ 5
Event: 0.327 Thread 0x0000000002a6d800 Uncommon trap: reason=unstable_if action=reinterpret pc=0x0000000002c1379c method=java.lang.CharacterDataLatin1.digit(II)I @ 82
Event: 0.622 Thread 0x0000000002a6d800 Uncommon trap: reason=bimorphic action=maybe_recompile pc=0x0000000002c6361c method=java.util.HashMap.putVal(ILjava/lang/Object;Ljava/lang/Object;ZZ)Ljava/lang/Object; @ 152
Event: 0.622 Thread 0x0000000002a6d800 Uncommon trap: reason=bimorphic action=maybe_recompile pc=0x0000000002c6361c method=java.util.HashMap.putVal(ILjava/lang/Object;Ljava/lang/Object;ZZ)Ljava/lang/Object; @ 152

Internal exceptions (8 events):
Event: 0.028 Thread 0x0000000002a6d800 Exception <a 'java/lang/NoSuchMethodError': Method sun.misc.Unsafe.defineClass(Ljava/lang/String;[BII)Ljava/lang/Class; name or signature does not match> (0x00000000d5f07ca8) thrown at [C:\re\workspace\8-2-build-windows-amd64-cygwin\jdk8u151\9699\hotspot\
Event: 0.028 Thread 0x0000000002a6d800 Exception <a 'java/lang/NoSuchMethodError': Method sun.misc.Unsafe.prefetchRead(Ljava/lang/Object;J)V name or signature does not match> (0x00000000d5f07f90) thrown at [C:\re\workspace\8-2-build-windows-amd64-cygwin\jdk8u151\9699\hotspot\src\share\vm\prims
Event: 0.154 Thread 0x0000000002a6d800 Exception <a 'java/security/PrivilegedActionException'> (0x00000000d61cffa8) thrown at [C:\re\workspace\8-2-build-windows-amd64-cygwin\jdk8u151\9699\hotspot\src\share\vm\prims\jvm.cpp, line 1390]
Event: 0.155 Thread 0x0000000002a6d800 Exception <a 'java/security/PrivilegedActionException'> (0x00000000d61d01b8) thrown at [C:\re\workspace\8-2-build-windows-amd64-cygwin\jdk8u151\9699\hotspot\src\share\vm\prims\jvm.cpp, line 1390]
Event: 0.155 Thread 0x0000000002a6d800 Exception <a 'java/security/PrivilegedActionException'> (0x00000000d61d3e28) thrown at [C:\re\workspace\8-2-build-windows-amd64-cygwin\jdk8u151\9699\hotspot\src\share\vm\prims\jvm.cpp, line 1390]
Event: 0.155 Thread 0x0000000002a6d800 Exception <a 'java/security/PrivilegedActionException'> (0x00000000d61d4038) thrown at [C:\re\workspace\8-2-build-windows-amd64-cygwin\jdk8u151\9699\hotspot\src\share\vm\prims\jvm.cpp, line 1390]
Event: 0.373 Thread 0x0000000002a6d800 Exception <a 'java/lang/NoSuchFieldError': method resolution failed> (0x00000000d6762fd0) thrown at [C:\re\workspace\8-2-build-windows-amd64-cygwin\jdk8u151\9699\hotspot\src\share\vm\prims\methodHandles.cpp, line 1146]
Event: 0.375 Thread 0x0000000002a6d800 Exception <a 'java/lang/NoSuchFieldError': method resolution failed> (0x00000000d6770740) thrown at [C:\re\workspace\8-2-build-windows-amd64-cygwin\jdk8u151\9699\hotspot\src\share\vm\prims\methodHandles.cpp, line 1146]

Events (10 events):
Event: 0.620 loading class com/microsoft/sqlserver/jdbc/AuthenticationJNI
Event: 0.620 loading class com/microsoft/sqlserver/jdbc/AuthenticationJNI done
Event: 0.621 loading class java/lang/ClassLoaderHelper
Event: 0.621 loading class java/lang/ClassLoaderHelper done
Event: 0.622 Thread 0x0000000002a6d800 Uncommon trap: trap_request=0xffffffc6 fr.pc=0x0000000002c6361c
Event: 0.622 Thread 0x0000000002a6d800 DEOPT PACKING pc=0x0000000002c6361c sp=0x000000000284e6a0
Event: 0.622 Thread 0x0000000002a6d800 DEOPT UNPACKING pc=0x0000000002ab582a sp=0x000000000284e608 mode 2
Event: 0.622 Thread 0x0000000002a6d800 Uncommon trap: trap_request=0xffffffc6 fr.pc=0x0000000002c6361c
Event: 0.622 Thread 0x0000000002a6d800 DEOPT PACKING pc=0x0000000002c6361c sp=0x000000000284e6a0
Event: 0.622 Thread 0x0000000002a6d800 DEOPT UNPACKING pc=0x0000000002ab582a sp=0x000000000284e608 mode 2


Dynamic libraries:
0x00007ff72ff10000 - 0x00007ff72ff47000 	C:\Program Files\Java\jre1.8.0_151\bin\javaw.exe
0x00007ffd250d0000 - 0x00007ffd252ab000 	C:\WINDOWS\SYSTEM32\ntdll.dll
0x00007ffd22630000 - 0x00007ffd226de000 	C:\WINDOWS\System32\KERNEL32.DLL
0x00007ffd223e0000 - 0x00007ffd22629000 	C:\WINDOWS\System32\KERNELBASE.dll
0x00007ffd22b90000 - 0x00007ffd22c31000 	C:\WINDOWS\System32\ADVAPI32.dll
0x00007ffd22ad0000 - 0x00007ffd22b6d000 	C:\WINDOWS\System32\msvcrt.dll
0x00007ffd23640000 - 0x00007ffd23699000 	C:\WINDOWS\System32\sechost.dll
0x00007ffd24b90000 - 0x00007ffd24cb5000 	C:\WINDOWS\System32\RPCRT4.dll
0x00007ffd234f0000 - 0x00007ffd2363a000 	C:\WINDOWS\System32\USER32.dll
0x00007ffd215f0000 - 0x00007ffd2160e000 	C:\WINDOWS\System32\win32u.dll
0x00007ffd24e80000 - 0x00007ffd24ea7000 	C:\WINDOWS\System32\GDI32.dll
0x00007ffd221e0000 - 0x00007ffd22367000 	C:\WINDOWS\System32\gdi32full.dll
0x00007ffd21610000 - 0x00007ffd216aa000 	C:\WINDOWS\System32\msvcp_win.dll
0x00007ffd219e0000 - 0x00007ffd21ad6000 	C:\WINDOWS\System32\ucrtbase.dll
0x00007ffd18970000 - 0x00007ffd18bd7000 	C:\WINDOWS\WinSxS\amd64_microsoft.windows.common-controls_6595b64144ccf1df_6.0.15063.483_none_26002d27e7c744a2\COMCTL32.dll
0x00007ffd227d0000 - 0x00007ffd22ac9000 	C:\WINDOWS\System32\combase.dll
0x00007ffd22370000 - 0x00007ffd223da000 	C:\WINDOWS\System32\bcryptPrimitives.dll
0x00007ffd22e50000 - 0x00007ffd22e7d000 	C:\WINDOWS\System32\IMM32.DLL
0x000000006b460000 - 0x000000006b532000 	C:\Program Files\Java\jre1.8.0_151\bin\msvcr100.dll
0x000000006b540000 - 0x000000006bddd000 	C:\Program Files\Java\jre1.8.0_151\bin\server\jvm.dll
0x00007ffd24e70000 - 0x00007ffd24e78000 	C:\WINDOWS\System32\PSAPI.DLL
0x00007ffd1c2b0000 - 0x00007ffd1c2ba000 	C:\WINDOWS\SYSTEM32\VERSION.dll
0x00007ffd1e3f0000 - 0x00007ffd1e413000 	C:\WINDOWS\SYSTEM32\WINMM.dll
0x00007ffd1a910000 - 0x00007ffd1a919000 	C:\WINDOWS\SYSTEM32\WSOCK32.dll
0x00007ffd22760000 - 0x00007ffd227cc000 	C:\WINDOWS\System32\WS2_32.dll
0x00007ffd1e3c0000 - 0x00007ffd1e3eb000 	C:\WINDOWS\SYSTEM32\winmmbase.dll
0x00007ffd21990000 - 0x00007ffd219d9000 	C:\WINDOWS\System32\cfgmgr32.dll
0x000000006c0d0000 - 0x000000006c0df000 	C:\Program Files\Java\jre1.8.0_151\bin\verify.dll
0x000000006c0a0000 - 0x000000006c0c9000 	C:\Program Files\Java\jre1.8.0_151\bin\java.dll
0x000000006c080000 - 0x000000006c096000 	C:\Program Files\Java\jre1.8.0_151\bin\zip.dll
0x00007ffd236a0000 - 0x00007ffd24ad6000 	C:\WINDOWS\System32\SHELL32.dll
0x00007ffd24ae0000 - 0x00007ffd24b8a000 	C:\WINDOWS\System32\shcore.dll
0x00007ffd21ae0000 - 0x00007ffd221d1000 	C:\WINDOWS\System32\windows.storage.dll
0x00007ffd25060000 - 0x00007ffd250b1000 	C:\WINDOWS\System32\shlwapi.dll
0x00007ffd215d0000 - 0x00007ffd215e1000 	C:\WINDOWS\System32\kernel.appcore.dll
0x00007ffd21540000 - 0x00007ffd2158c000 	C:\WINDOWS\System32\powrprof.dll
0x00007ffd215b0000 - 0x00007ffd215c5000 	C:\WINDOWS\System32\profapi.dll
0x000000006c060000 - 0x000000006c07a000 	C:\Program Files\Java\jre1.8.0_151\bin\net.dll
0x00007ffd20e50000 - 0x00007ffd20eac000 	C:\WINDOWS\system32\mswsock.dll
0x00007ffd20c30000 - 0x00007ffd20cd4000 	C:\WINDOWS\SYSTEM32\DNSAPI.dll
0x00007ffd24e60000 - 0x00007ffd24e68000 	C:\WINDOWS\System32\NSI.dll
0x00007ffd20bf0000 - 0x00007ffd20c27000 	C:\WINDOWS\SYSTEM32\IPHLPAPI.DLL
0x00007ffd138d0000 - 0x00007ffd138da000 	C:\Windows\System32\rasadhlp.dll
0x00007ffd16dc0000 - 0x00007ffd16e2b000 	C:\WINDOWS\System32\fwpuclnt.dll
0x00007ffd21100000 - 0x00007ffd21125000 	C:\WINDOWS\SYSTEM32\bcrypt.dll
0x000000006c010000 - 0x000000006c034000 	C:\Program Files\Java\jre1.8.0_151\bin\sunec.dll
0x00007ffd172a0000 - 0x00007ffd172b6000 	C:\WINDOWS\SYSTEM32\dhcpcsvc6.DLL
0x00007ffd19d70000 - 0x00007ffd19d8a000 	C:\WINDOWS\SYSTEM32\dhcpcsvc.DLL
0x000000006c040000 - 0x000000006c051000 	C:\Program Files\Java\jre1.8.0_151\bin\nio.dll
0x00007ffd20ff0000 - 0x00007ffd21007000 	C:\WINDOWS\SYSTEM32\CRYPTSP.dll
0x00007ffd20a70000 - 0x00007ffd20aa4000 	C:\WINDOWS\system32\rsaenh.dll
0x00007ffd21470000 - 0x00007ffd21499000 	C:\WINDOWS\SYSTEM32\USERENV.dll
0x00007ffd21010000 - 0x00007ffd2101b000 	C:\WINDOWS\SYSTEM32\CRYPTBASE.dll
0x000000006c000000 - 0x000000006c00b000 	C:\Program Files\Java\jre1.8.0_151\bin\sunmscapi.dll
0x00007ffd21760000 - 0x00007ffd21929000 	C:\WINDOWS\System32\CRYPT32.dll
0x00007ffd21590000 - 0x00007ffd215a1000 	C:\WINDOWS\System32\MSASN1.dll
0x00007ffd07690000 - 0x00007ffd076de000 	C:\Windows\System32\sqljdbc_auth.dll
0x00007ffd22c40000 - 0x00007ffd22d85000 	C:\WINDOWS\System32\ole32.dll
0x00007ffd12de0000 - 0x00007ffd12dec000 	C:\WINDOWS\system32\secur32.dll
0x00007ffd21440000 - 0x00007ffd21470000 	C:\WINDOWS\SYSTEM32\SSPICLI.DLL
0x00007ffd20f00000 - 0x00007ffd20fed000 	C:\WINDOWS\system32\kerberos.DLL
0x00007ffd20de0000 - 0x00007ffd20e49000 	C:\WINDOWS\system32\msv1_0.DLL
0x00007ffd20dd0000 - 0x00007ffd20ddc000 	C:\WINDOWS\SYSTEM32\NtlmShared.dll
0x00007ffd20eb0000 - 0x00007ffd20ec4000 	C:\WINDOWS\SYSTEM32\cryptdll.dll
0x00007ffd164d0000 - 0x00007ffd164f8000 	C:\WINDOWS\system32\ntdsapi.dll
0x00007ffd1a810000 - 0x00007ffd1a826000 	C:\WINDOWS\system32\napinsp.dll
0x00007ffd19e10000 - 0x00007ffd19e2a000 	C:\WINDOWS\system32\pnrpnsp.dll
0x00007ffd1e7a0000 - 0x00007ffd1e7b8000 	C:\WINDOWS\system32\NLAapi.dll
0x00007ffd1a110000 - 0x00007ffd1a11e000 	C:\WINDOWS\System32\winrnr.dll
0x00007ffd10b70000 - 0x00007ffd10d19000 	C:\WINDOWS\SYSTEM32\dbghelp.dll

VM Arguments:
jvm_args: -Dfile.encoding=Cp1252 
java_command: connect.TestConnection
java_class_path (initial): C:\Program Files\Java\jre1.8.0_151\lib\resources.jar;C:\Program Files\Java\jre1.8.0_151\lib\rt.jar;C:\Program Files\Java\jre1.8.0_151\lib\jsse.jar;C:\Program Files\Java\jre1.8.0_151\lib\jce.jar;C:\Program Files\Java\jre1.8.0_151\lib\charsets.jar;C:\Program Files\Java\jre1.8.0_151\lib\jfr.jar;C:\Program Files\Java\jre1.8.0_151\lib\ext\access-bridge-64.jar;C:\Program Files\Java\jre1.8.0_151\lib\ext\cldrdata.jar;C:\Program Files\Java\jre1.8.0_151\lib\ext\dnsns.jar;C:\Program Files\Java\jre1.8.0_151\lib\ext\jaccess.jar;C:\Program Files\Java\jre1.8.0_151\lib\ext\jfxrt.jar;C:\Program Files\Java\jre1.8.0_151\lib\ext\jtds-1.3.0.jar;C:\Program Files\Java\jre1.8.0_151\lib\ext\localedata.jar;C:\Program Files\Java\jre1.8.0_151\lib\ext\nashorn.jar;C:\Program Files\Java\jre1.8.0_151\lib\ext\sqljdbc4-2.0.jar;C:\Program Files\Java\jre1.8.0_151\lib\ext\sunec.jar;C:\Program Files\Java\jre1.8.0_151\lib\ext\sunjce_provider.jar;C:\Program Files\Java\jre1.8.0_151\lib\ext\sunmscapi.jar;C:\Program Files\Java\jre1.8.0_151\lib\ext\sunpkcs11.jar;C:\Program Files\Java\jre1.8.0_151\lib\ext\zipfs.jar;E:\Duy\JavaEclipse\Connection\bin;C:\Program Files\Java\jdk1.8.0_131\jre\lib\ext\sqljdbc4-2.0.jar
Launcher Type: SUN_STANDARD

Environment Variables:
PATH=C:/Program Files/Java/jre1.8.0_151/bin/server;C:/Program Files/Java/jre1.8.0_151/bin;C:/Program Files/Java/jre1.8.0_151/lib/amd64;C:\ProgramData\Oracle\Java\javapath;C:\WINDOWS\system32;C:\WINDOWS;C:\WINDOWS\System32\Wbem;C:\WINDOWS\System32\WindowsPowerShell\v1.0\;C:\Program Files (x86)\Skype\Phone\;E:\Git\cmd;C:\Program Files (x86)\Java\jdk1.8.0_131\bin;E:\Bai tap\Angular-4\learn-angular;C:\Program Files\Microsoft SQL Server\Client SDK\ODBC\110\Tools\Binn\;C:\Program Files (x86)\Microsoft SQL Server\120\Tools\Binn\;C:\Program Files\Microsoft SQL Server\120\Tools\Binn\;C:\Program Files\Microsoft SQL Server\120\DTS\Binn\;C:\Program Files (x86)\Microsoft SQL Server\120\Tools\Binn\ManagementStudio\;C:\Program Files (x86)\Microsoft SQL Server\120\DTS\Binn\;C:\Users\admin\AppData\Local\Microsoft\WindowsApps;C:\Users\admin\AppData\Roaming\npm;E:\Bai tap\Angular-4\learn-angular;;C:\eclipse;
USERNAME=admin
OS=Windows_NT
PROCESSOR_IDENTIFIER=Intel64 Family 6 Model 42 Stepping 7, GenuineIntel



---------------  S Y S T E M  ---------------

OS: Windows 10.0 , 64 bit Build 15063 (10.0.15063.296)

CPU:total 4 (initial active 4) (2 cores per cpu, 2 threads per core) family 6 model 42 stepping 7, cmov, cx8, fxsr, mmx, sse, sse2, sse3, ssse3, sse4.1, sse4.2, popcnt, avx, aes, clmul, ht, tsc, tscinvbit

Memory: 4k page, physical 8266680k(4877388k free), swap 9577400k(5870188k free)

vm_info: Java HotSpot(TM) 64-Bit Server VM (25.151-b12) for windows-amd64 JRE (1.8.0_151-b12), built on Sep  5 2017 19:33:46 by "java_re" with MS VC++ 10.0 (VS2010)

time: Thu Nov 09 20:09:37 2017
elapsed time: 0 seconds (0d 0h 0m 0s)

