#
# A fatal error has been detected by the Java Runtime Environment:
#
#  EXCEPTION_ACCESS_VIOLATION (0xc0000005) at pc=0x00000000596fea33, pid=6660, tid=0x00000000000019d8
#
# JRE version: Java(TM) SE Runtime Environment (8.0_151-b12) (build 1.8.0_151-b12)
# Java VM: Java HotSpot(TM) 64-Bit Server VM (25.151-b12 mixed mode windows-amd64 compressed oops)
# Problematic frame:
# V  [jvm.dll+0x13ea33]
#
# Failed to write core dump. Minidumps are not enabled by default on client versions of Windows
#
# If you would like to submit a bug report, please visit:
#   http://bugreport.java.com/bugreport/crash.jsp
#

---------------  T H R E A D  ---------------

Current thread (0x00000000012de000):  JavaThread "main" [_thread_in_vm, id=6616, stack(0x0000000002fa0000,0x00000000030a0000)]

siginfo: ExceptionCode=0xc0000005, reading address 0x00000002cc01e768

Registers:
RAX=0x0000000000000000, RBX=0x00000000012de000, RCX=0x0000000000000003, RDX=0x00000002cc01e700
RSP=0x000000000309e810, RBP=0x000000000309e960, RSI=0x00000000012de1f8, RDI=0x00000000012de000
R8 =0xffff800145a823b0, R9 =0x00007ffeba57dc7f, R10=0x000000000000002f, R11=0x000000000000002f
R12=0x0000000000000000, R13=0x0000000000000000, R14=0x000000000309eba8, R15=0x000000000309eb78
RIP=0x00000000596fea33, EFLAGS=0x0000000000010206

Top of Stack: (sp=0x000000000309e810)
0x000000000309e810:   00007ffeba57dc50 00000000012de000
0x000000000309e820:   000000000309e960 0000000000000000
0x000000000309e830:   00000000012de000 0000000000000000
0x000000000309e840:   0000000000000000 0000000000000000
0x000000000309e850:   0000000017c98ba0 00007ffeba5568f4
0x000000000309e860:   00000000012de1f8 000000000309e960
0x000000000309e870:   00000000012de000 00000000032016a0
0x000000000309e880:   0000000000000000 0000000003201797
0x000000000309e890:   0000000003201aa0 0000000000000000
0x000000000309e8a0:   0000000000000000 0000000000000000
0x000000000309e8b0:   00000000032016a0 0000000001010000
0x000000000309e8c0:   0000000000000000 0000000000000000
0x000000000309e8d0:   0000000000000000 0000000000000000
0x000000000309e8e0:   0000000000000000 0000000000000000
0x000000000309e8f0:   0000000000000000 000000000309ebb0
0x000000000309e900:   000000000309eb90 000000000309eb78 

Instructions: (pc=0x00000000596fea33)
0x00000000596fea13:   00 00 48 8b 17 74 15 8b 52 08 8b 0d 85 2d 66 00
0x00000000596fea23:   48 d3 e2 48 03 15 73 2d 66 00 eb 04 48 8b 52 08
0x00000000596fea33:   48 8b 52 68 48 8b ce e8 51 7a 0d 00 48 83 7c 24
0x00000000596fea43:   28 00 48 8b f0 74 0a 48 8d 4c 24 20 e8 2c cd 13 


Register to memory mapping:

RAX=0x0000000000000000 is an unknown value
RBX=0x00000000012de000 is a thread
RCX=0x0000000000000003 is an unknown value
RDX=0x00000002cc01e700 is an unknown value
RSP=0x000000000309e810 is pointing into the stack for thread: 0x00000000012de000
RBP=0x000000000309e960 is pointing into the stack for thread: 0x00000000012de000
RSI=0x00000000012de1f8 is an unknown value
RDI=0x00000000012de000 is a thread
R8 =0xffff800145a823b0 is an unknown value
R9 =0x00007ffeba57dc7f is an unknown value
R10=0x000000000000002f is an unknown value
R11=0x000000000000002f is an unknown value
R12=0x0000000000000000 is an unknown value
R13=0x0000000000000000 is an unknown value
R14=0x000000000309eba8 is pointing into the stack for thread: 0x00000000012de000
R15=0x000000000309eb78 is pointing into the stack for thread: 0x00000000012de000


Stack: [0x0000000002fa0000,0x00000000030a0000],  sp=0x000000000309e810,  free space=1018k
Native frames: (J=compiled Java code, j=interpreted, Vv=VM code, C=native code)
V  [jvm.dll+0x13ea33]
C  [sqljdbc_auth.dll+0x68f4]
C  0x00000000031c100c

Java frames: (J=compiled Java code, j=interpreted, Vv=VM code)
j  com.microsoft.sqlserver.jdbc.AuthenticationJNI.SNISecGenClientContext([B[I[BI[B[I[ZLjava/lang/String;Ljava/lang/String;Ljava/lang/String;Ljava/util/logging/Logger;)I+0
j  com.microsoft.sqlserver.jdbc.AuthenticationJNI.GenerateClientContext([BI[B[I[Z)I+24
j  com.microsoft.sqlserver.jdbc.SQLServerConnection.SSPIData([B[B[I[ZLcom/microsoft/sqlserver/jdbc/AuthenticationJNI;)V+13
j  com.microsoft.sqlserver.jdbc.SQLServerConnection.sendLogon(Lcom/microsoft/sqlserver/jdbc/SQLServerConnection$LogonCommand;Lcom/microsoft/sqlserver/jdbc/AuthenticationJNI;)V+155
j  com.microsoft.sqlserver.jdbc.SQLServerConnection.logon(Lcom/microsoft/sqlserver/jdbc/SQLServerConnection$LogonCommand;)V+20
j  com.microsoft.sqlserver.jdbc.SQLServerConnection.access$000(Lcom/microsoft/sqlserver/jdbc/SQLServerConnection;Lcom/microsoft/sqlserver/jdbc/SQLServerConnection$LogonCommand;)V+2
j  com.microsoft.sqlserver.jdbc.SQLServerConnection$LogonCommand.doExecute()Z+5
j  com.microsoft.sqlserver.jdbc.TDSCommand.execute(Lcom/microsoft/sqlserver/jdbc/TDSWriter;Lcom/microsoft/sqlserver/jdbc/TDSReader;)Z+30
j  com.microsoft.sqlserver.jdbc.SQLServerConnection.executeCommand(Lcom/microsoft/sqlserver/jdbc/TDSCommand;)Z+45
j  com.microsoft.sqlserver.jdbc.SQLServerConnection.connectHelper(Lcom/microsoft/sqlserver/jdbc/ServerPortPlaceHolder;II)V+284
j  com.microsoft.sqlserver.jdbc.SQLServerConnection.login(Ljava/lang/String;Ljava/lang/String;ILjava/lang/String;Lcom/microsoft/sqlserver/jdbc/FailoverInfo;IJ)V+399
j  com.microsoft.sqlserver.jdbc.SQLServerConnection.connect(Ljava/util/Properties;Lcom/microsoft/sqlserver/jdbc/SQLServerPooledConnection;)Ljava/sql/Connection;+1929
j  com.microsoft.sqlserver.jdbc.SQLServerDriver.connect(Ljava/lang/String;Ljava/util/Properties;)Ljava/sql/Connection;+45
j  java.sql.DriverManager.getConnection(Ljava/lang/String;Ljava/util/Properties;Ljava/lang/Class;)Ljava/sql/Connection;+171
j  java.sql.DriverManager.getConnection(Ljava/lang/String;)Ljava/sql/Connection;+13
j  connect.TestConnection.initDB(Ljava/lang/String;)V+36
j  connect.TestConnection.main([Ljava/lang/String;)V+2
v  ~StubRoutines::call_stub

---------------  P R O C E S S  ---------------

Java Threads: ( => current thread )
  0x0000000019cc4800 JavaThread "Service Thread" daemon [_thread_blocked, id=8328, stack(0x000000001a070000,0x000000001a170000)]
  0x0000000017cfd800 JavaThread "C1 CompilerThread2" daemon [_thread_blocked, id=7220, stack(0x0000000019b70000,0x0000000019c70000)]
  0x0000000017cfa800 JavaThread "C2 CompilerThread1" daemon [_thread_blocked, id=2676, stack(0x0000000019a70000,0x0000000019b70000)]
  0x0000000017cf6800 JavaThread "C2 CompilerThread0" daemon [_thread_in_native, id=6172, stack(0x0000000019970000,0x0000000019a70000)]
  0x0000000017cea800 JavaThread "JDWP Command Reader" daemon [_thread_in_native, id=6728, stack(0x0000000019870000,0x0000000019970000)]
  0x0000000017ce7800 JavaThread "JDWP Event Helper Thread" daemon [_thread_blocked, id=5080, stack(0x0000000019770000,0x0000000019870000)]
  0x0000000017cd8000 JavaThread "JDWP Transport Listener: dt_socket" daemon [_thread_blocked, id=4496, stack(0x0000000019670000,0x0000000019770000)]
  0x0000000017ccd800 JavaThread "Attach Listener" daemon [_thread_blocked, id=7984, stack(0x0000000019230000,0x0000000019330000)]
  0x0000000017ccc800 JavaThread "Signal Dispatcher" daemon [_thread_blocked, id=7752, stack(0x0000000019130000,0x0000000019230000)]
  0x0000000017cba800 JavaThread "Finalizer" daemon [_thread_blocked, id=1996, stack(0x0000000018f30000,0x0000000019030000)]
  0x0000000003190800 JavaThread "Reference Handler" daemon [_thread_blocked, id=8332, stack(0x0000000018e30000,0x0000000018f30000)]
=>0x00000000012de000 JavaThread "main" [_thread_in_vm, id=6616, stack(0x0000000002fa0000,0x00000000030a0000)]

Other Threads:
  0x0000000017c98000 VMThread [stack: 0x0000000018d30000,0x0000000018e30000] [id=5064]
  0x0000000019ccc000 WatcherThread [stack: 0x000000001a170000,0x000000001a270000] [id=7972]

VM state:not at safepoint (normal execution)

VM Mutex/Monitor currently owned by a thread: None

Heap:
 PSYoungGen      total 38400K, used 22027K [0x00000000d5f00000, 0x00000000d8980000, 0x0000000100000000)
  eden space 33280K, 66% used [0x00000000d5f00000,0x00000000d7482d58,0x00000000d7f80000)
  from space 5120K, 0% used [0x00000000d8480000,0x00000000d8480000,0x00000000d8980000)
  to   space 5120K, 0% used [0x00000000d7f80000,0x00000000d7f80000,0x00000000d8480000)
 ParOldGen       total 87552K, used 0K [0x0000000081c00000, 0x0000000087180000, 0x00000000d5f00000)
  object space 87552K, 0% used [0x0000000081c00000,0x0000000081c00000,0x0000000087180000)
 Metaspace       used 8498K, capacity 8646K, committed 8704K, reserved 1056768K
  class space    used 926K, capacity 994K, committed 1024K, reserved 1048576K

Card table byte_map: [0x0000000012560000,0x0000000012960000] byte_map_base: 0x0000000012152000

Marking Bits: (ParMarkBitMap*) 0x0000000059ddd850
 Begin Bits: [0x0000000013010000, 0x0000000014fa0000)
 End Bits:   [0x0000000014fa0000, 0x0000000016f30000)

Polling page: 0x0000000002f30000

CodeCache: size=245760Kb used=3351Kb max_used=3351Kb free=242409Kb
 bounds [0x00000000031a0000, 0x00000000034f0000, 0x00000000121a0000]
 total_blobs=1269 nmethods=936 adapters=254
 compilation: enabled

Compilation events (10 events):
Event: 0.691 Thread 0x0000000017cfd800  930       1       sun.misc.URLClassPath$JarLoader::access$700 (5 bytes)
Event: 0.691 Thread 0x0000000017cfd800 nmethod 930 0x00000000034e4650 code [0x00000000034e47a0, 0x00000000034e4890]
Event: 0.691 Thread 0x0000000017cfd800  933       1       java.security.CodeSource::getLocation (5 bytes)
Event: 0.691 Thread 0x0000000017cfd800 nmethod 933 0x00000000034e4910 code [0x00000000034e4a60, 0x00000000034e4b70]
Event: 0.696 Thread 0x0000000017cfd800  935       3       com.sun.crypto.provider.AESCrypt::mul4 (181 bytes)
Event: 0.696 Thread 0x0000000017cfd800 nmethod 935 0x00000000034e4bd0 code [0x00000000034e4de0, 0x00000000034e5810]
Event: 0.706 Thread 0x0000000017cfd800  936       3       java.net.URI$Parser::at (20 bytes)
Event: 0.706 Thread 0x0000000017cfd800 nmethod 936 0x00000000034e6590 code [0x00000000034e6720, 0x00000000034e6ba8]
Event: 0.706 Thread 0x0000000017cfd800  937       3       java.nio.Buffer::clear (20 bytes)
Event: 0.706 Thread 0x0000000017cfd800 nmethod 937 0x00000000034e6e90 code [0x00000000034e6fe0, 0x00000000034e7150]

GC Heap History (0 events):
No events

Deoptimization events (5 events):
Event: 0.378 Thread 0x00000000012de000 Uncommon trap: reason=class_check action=maybe_recompile pc=0x0000000003363fac method=java.util.regex.Pattern$BmpCharProperty.match(Ljava/util/regex/Matcher;ILjava/lang/CharSequence;)Z @ 31
Event: 0.378 Thread 0x00000000012de000 Uncommon trap: reason=unstable_if action=reinterpret pc=0x0000000003363f10 method=java.util.regex.Pattern$BmpCharProperty.match(Ljava/util/regex/Matcher;ILjava/lang/CharSequence;)Z @ 5
Event: 0.397 Thread 0x00000000012de000 Uncommon trap: reason=unstable_if action=reinterpret pc=0x0000000003346660 method=java.lang.CharacterDataLatin1.digit(II)I @ 82
Event: 0.706 Thread 0x00000000012de000 Uncommon trap: reason=bimorphic action=maybe_recompile pc=0x00000000033a1028 method=java.util.HashMap.putVal(ILjava/lang/Object;Ljava/lang/Object;ZZ)Ljava/lang/Object; @ 152
Event: 0.707 Thread 0x00000000012de000 Uncommon trap: reason=bimorphic action=maybe_recompile pc=0x00000000033a1028 method=java.util.HashMap.putVal(ILjava/lang/Object;Ljava/lang/Object;ZZ)Ljava/lang/Object; @ 152

Internal exceptions (8 events):
Event: 0.033 Thread 0x00000000012de000 Exception <a 'java/lang/NoSuchMethodError': Method sun.misc.Unsafe.defineClass(Ljava/lang/String;[BII)Ljava/lang/Class; name or signature does not match> (0x00000000d5f07ca8) thrown at [C:\re\workspace\8-2-build-windows-amd64-cygwin\jdk8u151\9699\hotspot\
Event: 0.033 Thread 0x00000000012de000 Exception <a 'java/lang/NoSuchMethodError': Method sun.misc.Unsafe.prefetchRead(Ljava/lang/Object;J)V name or signature does not match> (0x00000000d5f07f90) thrown at [C:\re\workspace\8-2-build-windows-amd64-cygwin\jdk8u151\9699\hotspot\src\share\vm\prims
Event: 0.221 Thread 0x00000000012de000 Exception <a 'java/security/PrivilegedActionException'> (0x00000000d627a4e0) thrown at [C:\re\workspace\8-2-build-windows-amd64-cygwin\jdk8u151\9699\hotspot\src\share\vm\prims\jvm.cpp, line 1390]
Event: 0.222 Thread 0x00000000012de000 Exception <a 'java/security/PrivilegedActionException'> (0x00000000d627a6f0) thrown at [C:\re\workspace\8-2-build-windows-amd64-cygwin\jdk8u151\9699\hotspot\src\share\vm\prims\jvm.cpp, line 1390]
Event: 0.222 Thread 0x00000000012de000 Exception <a 'java/security/PrivilegedActionException'> (0x00000000d627e360) thrown at [C:\re\workspace\8-2-build-windows-amd64-cygwin\jdk8u151\9699\hotspot\src\share\vm\prims\jvm.cpp, line 1390]
Event: 0.222 Thread 0x00000000012de000 Exception <a 'java/security/PrivilegedActionException'> (0x00000000d627e570) thrown at [C:\re\workspace\8-2-build-windows-amd64-cygwin\jdk8u151\9699\hotspot\src\share\vm\prims\jvm.cpp, line 1390]
Event: 0.443 Thread 0x00000000012de000 Exception <a 'java/lang/NoSuchFieldError': method resolution failed> (0x00000000d6825350) thrown at [C:\re\workspace\8-2-build-windows-amd64-cygwin\jdk8u151\9699\hotspot\src\share\vm\prims\methodHandles.cpp, line 1146]
Event: 0.448 Thread 0x00000000012de000 Exception <a 'java/lang/NoSuchFieldError': method resolution failed> (0x00000000d6832ac0) thrown at [C:\re\workspace\8-2-build-windows-amd64-cygwin\jdk8u151\9699\hotspot\src\share\vm\prims\methodHandles.cpp, line 1146]

Events (10 events):
Event: 0.705 loading class com/microsoft/sqlserver/jdbc/AuthenticationJNI
Event: 0.705 loading class com/microsoft/sqlserver/jdbc/AuthenticationJNI done
Event: 0.706 loading class java/lang/ClassLoaderHelper
Event: 0.706 loading class java/lang/ClassLoaderHelper done
Event: 0.706 Thread 0x00000000012de000 Uncommon trap: trap_request=0xffffffc6 fr.pc=0x00000000033a1028
Event: 0.706 Thread 0x00000000012de000 DEOPT PACKING pc=0x00000000033a1028 sp=0x000000000309e340
Event: 0.706 Thread 0x00000000012de000 DEOPT UNPACKING pc=0x00000000031e582a sp=0x000000000309e2b8 mode 2
Event: 0.707 Thread 0x00000000012de000 Uncommon trap: trap_request=0xffffffc6 fr.pc=0x00000000033a1028
Event: 0.707 Thread 0x00000000012de000 DEOPT PACKING pc=0x00000000033a1028 sp=0x000000000309e340
Event: 0.707 Thread 0x00000000012de000 DEOPT UNPACKING pc=0x00000000031e582a sp=0x000000000309e2b8 mode 2


Dynamic libraries:
0x00007ff6392c0000 - 0x00007ff6392f7000 	C:\Program Files\Java\jre1.8.0_151\bin\javaw.exe
0x00007ffec24c0000 - 0x00007ffec269b000 	C:\WINDOWS\SYSTEM32\ntdll.dll
0x00007ffec15d0000 - 0x00007ffec167e000 	C:\WINDOWS\System32\KERNEL32.DLL
0x00007ffebee80000 - 0x00007ffebf0c9000 	C:\WINDOWS\System32\KERNELBASE.dll
0x00007ffec1c40000 - 0x00007ffec1ce1000 	C:\WINDOWS\System32\ADVAPI32.dll
0x00007ffec1330000 - 0x00007ffec13cd000 	C:\WINDOWS\System32\msvcrt.dll
0x00007ffec12d0000 - 0x00007ffec1329000 	C:\WINDOWS\System32\sechost.dll
0x00007ffec11a0000 - 0x00007ffec12c5000 	C:\WINDOWS\System32\RPCRT4.dll
0x00007ffec1470000 - 0x00007ffec15ba000 	C:\WINDOWS\System32\USER32.dll
0x00007ffebeaf0000 - 0x00007ffebeb0e000 	C:\WINDOWS\System32\win32u.dll
0x00007ffec1440000 - 0x00007ffec1467000 	C:\WINDOWS\System32\GDI32.dll
0x00007ffebf190000 - 0x00007ffebf317000 	C:\WINDOWS\System32\gdi32full.dll
0x00007ffebec10000 - 0x00007ffebecaa000 	C:\WINDOWS\System32\msvcp_win.dll
0x00007ffebeb10000 - 0x00007ffebec06000 	C:\WINDOWS\System32\ucrtbase.dll
0x00007ffeb58f0000 - 0x00007ffeb5b57000 	C:\WINDOWS\WinSxS\amd64_microsoft.windows.common-controls_6595b64144ccf1df_6.0.15063.483_none_26002d27e7c744a2\COMCTL32.dll
0x00007ffec1850000 - 0x00007ffec1b49000 	C:\WINDOWS\System32\combase.dll
0x00007ffebf120000 - 0x00007ffebf18a000 	C:\WINDOWS\System32\bcryptPrimitives.dll
0x00007ffec0fc0000 - 0x00007ffec0fed000 	C:\WINDOWS\System32\IMM32.DLL
0x00000000593f0000 - 0x00000000594c2000 	C:\Program Files\Java\jre1.8.0_151\bin\msvcr100.dll
0x00000000595c0000 - 0x0000000059e5d000 	C:\Program Files\Java\jre1.8.0_151\bin\server\jvm.dll
0x00007ffec1b70000 - 0x00007ffec1b78000 	C:\WINDOWS\System32\PSAPI.DLL
0x00007ffebb650000 - 0x00007ffebb673000 	C:\WINDOWS\SYSTEM32\WINMM.dll
0x00007ffeb9c30000 - 0x00007ffeb9c3a000 	C:\WINDOWS\SYSTEM32\VERSION.dll
0x00007ffebb370000 - 0x00007ffebb379000 	C:\WINDOWS\SYSTEM32\WSOCK32.dll
0x00007ffec13d0000 - 0x00007ffec143c000 	C:\WINDOWS\System32\WS2_32.dll
0x00007ffebb5f0000 - 0x00007ffebb61b000 	C:\WINDOWS\SYSTEM32\WINMMBASE.dll
0x00007ffebf0d0000 - 0x00007ffebf119000 	C:\WINDOWS\System32\cfgmgr32.dll
0x00000000595b0000 - 0x00000000595bf000 	C:\Program Files\Java\jre1.8.0_151\bin\verify.dll
0x0000000059580000 - 0x00000000595a9000 	C:\Program Files\Java\jre1.8.0_151\bin\java.dll
0x00000000593b0000 - 0x00000000593e5000 	C:\Program Files\Java\jre1.8.0_151\bin\jdwp.dll
0x00000000593a0000 - 0x00000000593a8000 	C:\Program Files\Java\jre1.8.0_151\bin\npt.dll
0x0000000059560000 - 0x0000000059576000 	C:\Program Files\Java\jre1.8.0_151\bin\zip.dll
0x00007ffebfa20000 - 0x00007ffec0e56000 	C:\WINDOWS\System32\SHELL32.dll
0x00007ffec1b80000 - 0x00007ffec1c2a000 	C:\WINDOWS\System32\shcore.dll
0x00007ffebf320000 - 0x00007ffebfa11000 	C:\WINDOWS\System32\windows.storage.dll
0x00007ffec1cf0000 - 0x00007ffec1d41000 	C:\WINDOWS\System32\shlwapi.dll
0x00007ffebe9a0000 - 0x00007ffebe9b1000 	C:\WINDOWS\System32\kernel.appcore.dll
0x00007ffebe930000 - 0x00007ffebe97c000 	C:\WINDOWS\System32\powrprof.dll
0x00007ffebe980000 - 0x00007ffebe995000 	C:\WINDOWS\System32\profapi.dll
0x0000000059390000 - 0x0000000059399000 	C:\Program Files\Java\jre1.8.0_151\bin\dt_socket.dll
0x00007ffebaa10000 - 0x00007ffebaa26000 	C:\WINDOWS\system32\napinsp.dll
0x00007ffeba9f0000 - 0x00007ffebaa0a000 	C:\WINDOWS\system32\pnrpnsp.dll
0x00007ffebbbf0000 - 0x00007ffebbc08000 	C:\WINDOWS\system32\NLAapi.dll
0x00007ffebe240000 - 0x00007ffebe29c000 	C:\WINDOWS\System32\mswsock.dll
0x00007ffebe020000 - 0x00007ffebe0c4000 	C:\WINDOWS\SYSTEM32\DNSAPI.dll
0x00007ffec1c30000 - 0x00007ffec1c38000 	C:\WINDOWS\System32\NSI.dll
0x00007ffebdfe0000 - 0x00007ffebe017000 	C:\WINDOWS\SYSTEM32\IPHLPAPI.DLL
0x00007ffeba9e0000 - 0x00007ffeba9ee000 	C:\WINDOWS\System32\winrnr.dll
0x00007ffeb5880000 - 0x00007ffeb58eb000 	C:\WINDOWS\System32\fwpuclnt.dll
0x00007ffebe4f0000 - 0x00007ffebe515000 	C:\WINDOWS\SYSTEM32\bcrypt.dll
0x00007ffeb0130000 - 0x00007ffeb013a000 	C:\Windows\System32\rasadhlp.dll
0x0000000059540000 - 0x000000005955a000 	C:\Program Files\Java\jre1.8.0_151\bin\net.dll
0x00000000594f0000 - 0x0000000059514000 	C:\Program Files\Java\jre1.8.0_151\bin\sunec.dll
0x00007ffeb7cd0000 - 0x00007ffeb7ce6000 	C:\WINDOWS\SYSTEM32\dhcpcsvc6.DLL
0x00007ffeb8ca0000 - 0x00007ffeb8cba000 	C:\WINDOWS\SYSTEM32\dhcpcsvc.DLL
0x0000000059520000 - 0x0000000059531000 	C:\Program Files\Java\jre1.8.0_151\bin\nio.dll
0x00007ffebe3e0000 - 0x00007ffebe3f7000 	C:\WINDOWS\SYSTEM32\CRYPTSP.dll
0x00007ffebde60000 - 0x00007ffebde94000 	C:\WINDOWS\system32\rsaenh.dll
0x00007ffebe860000 - 0x00007ffebe889000 	C:\WINDOWS\SYSTEM32\USERENV.dll
0x00007ffebe400000 - 0x00007ffebe40b000 	C:\WINDOWS\SYSTEM32\CRYPTBASE.dll
0x00000000594d0000 - 0x00000000594db000 	C:\Program Files\Java\jre1.8.0_151\bin\sunmscapi.dll
0x00007ffebecb0000 - 0x00007ffebee79000 	C:\WINDOWS\System32\CRYPT32.dll
0x00007ffebe9c0000 - 0x00007ffebe9d1000 	C:\WINDOWS\System32\MSASN1.dll
0x00007ffeba550000 - 0x00007ffeba59e000 	C:\Windows\System32\sqljdbc_auth.dll
0x00007ffec1050000 - 0x00007ffec1195000 	C:\WINDOWS\System32\ole32.dll
0x00007ffeb0530000 - 0x00007ffeb053c000 	C:\WINDOWS\system32\secur32.dll
0x00007ffebe830000 - 0x00007ffebe860000 	C:\WINDOWS\SYSTEM32\SSPICLI.DLL
0x00007ffebe2f0000 - 0x00007ffebe3dd000 	C:\WINDOWS\system32\kerberos.DLL
0x00007ffebe1d0000 - 0x00007ffebe239000 	C:\WINDOWS\system32\msv1_0.DLL
0x00007ffebe1c0000 - 0x00007ffebe1cc000 	C:\WINDOWS\SYSTEM32\NtlmShared.dll
0x00007ffebe2a0000 - 0x00007ffebe2b4000 	C:\WINDOWS\SYSTEM32\cryptdll.dll
0x00007ffe9df70000 - 0x00007ffe9df98000 	C:\WINDOWS\system32\ntdsapi.dll
0x00007ffeadd30000 - 0x00007ffeaded9000 	C:\WINDOWS\SYSTEM32\dbghelp.dll

VM Arguments:
jvm_args: -agentlib:jdwp=transport=dt_socket,suspend=y,address=localhost:50613 -Dfile.encoding=Cp1252 
java_command: connect.TestConnection
java_class_path (initial): C:\Program Files\Java\jre1.8.0_151\lib\resources.jar;C:\Program Files\Java\jre1.8.0_151\lib\rt.jar;C:\Program Files\Java\jre1.8.0_151\lib\jsse.jar;C:\Program Files\Java\jre1.8.0_151\lib\jce.jar;C:\Program Files\Java\jre1.8.0_151\lib\charsets.jar;C:\Program Files\Java\jre1.8.0_151\lib\jfr.jar;C:\Program Files\Java\jre1.8.0_151\lib\ext\access-bridge-64.jar;C:\Program Files\Java\jre1.8.0_151\lib\ext\cldrdata.jar;C:\Program Files\Java\jre1.8.0_151\lib\ext\dnsns.jar;C:\Program Files\Java\jre1.8.0_151\lib\ext\jaccess.jar;C:\Program Files\Java\jre1.8.0_151\lib\ext\jfxrt.jar;C:\Program Files\Java\jre1.8.0_151\lib\ext\jtds-1.3.0.jar;C:\Program Files\Java\jre1.8.0_151\lib\ext\localedata.jar;C:\Program Files\Java\jre1.8.0_151\lib\ext\nashorn.jar;C:\Program Files\Java\jre1.8.0_151\lib\ext\sqljdbc4-2.0.jar;C:\Program Files\Java\jre1.8.0_151\lib\ext\sunec.jar;C:\Program Files\Java\jre1.8.0_151\lib\ext\sunjce_provider.jar;C:\Program Files\Java\jre1.8.0_151\lib\ext\sunmscapi.jar;C:\Program Files\Java\jre1.8.0_151\lib\ext\sunpkcs11.jar;C:\Program Files\Java\jre1.8.0_151\lib\ext\zipfs.jar;E:\Duy\JavaEclipse\Connection\bin;C:\Program Files\Java\jdk1.8.0_131\jre\lib\ext\sqljdbc4-2.0.jar
Launcher Type: SUN_STANDARD

Environment Variables:
PATH=C:/Program Files/Java/jre1.8.0_151/bin/server;C:/Program Files/Java/jre1.8.0_151/bin;C:/Program Files/Java/jre1.8.0_151/lib/amd64;C:\ProgramData\Oracle\Java\javapath;C:\WINDOWS\system32;C:\WINDOWS;C:\WINDOWS\System32\Wbem;C:\WINDOWS\System32\WindowsPowerShell\v1.0\;C:\Program Files (x86)\Skype\Phone\;E:\Git\cmd;C:\Program Files (x86)\Java\jdk1.8.0_131\bin;E:\Bai tap\Angular-4\learn-angular;C:\Program Files\Microsoft SQL Server\Client SDK\ODBC\110\Tools\Binn\;C:\Program Files (x86)\Microsoft SQL Server\120\Tools\Binn\;C:\Program Files\Microsoft SQL Server\120\Tools\Binn\;C:\Program Files\Microsoft SQL Server\120\DTS\Binn\;C:\Program Files (x86)\Microsoft SQL Server\120\Tools\Binn\ManagementStudio\;C:\Program Files (x86)\Microsoft SQL Server\120\DTS\Binn\;C:\Users\admin\AppData\Local\Microsoft\WindowsApps;C:\Users\admin\AppData\Roaming\npm;E:\Bai tap\Angular-4\learn-angular;;C:\eclipse;
USERNAME=admin
OS=Windows_NT
PROCESSOR_IDENTIFIER=Intel64 Family 6 Model 42 Stepping 7, GenuineIntel



---------------  S Y S T E M  ---------------

OS: Windows 10.0 , 64 bit Build 15063 (10.0.15063.296)

CPU:total 4 (initial active 4) (2 cores per cpu, 2 threads per core) family 6 model 42 stepping 7, cmov, cx8, fxsr, mmx, sse, sse2, sse3, ssse3, sse4.1, sse4.2, popcnt, avx, aes, clmul, ht, tsc, tscinvbit

Memory: 4k page, physical 8266680k(4724900k free), swap 9577400k(5543512k free)

vm_info: Java HotSpot(TM) 64-Bit Server VM (25.151-b12) for windows-amd64 JRE (1.8.0_151-b12), built on Sep  5 2017 19:33:46 by "java_re" with MS VC++ 10.0 (VS2010)

time: Mon Nov 13 19:45:13 2017
elapsed time: 0 seconds (0d 0h 0m 0s)

